<?xml version="1.0" encoding="UTF-8"?>
<testng-results skipped="0" failed="1" total="7" passed="6">
  <reporter-output>
  </reporter-output>
  <suite name="Default suite" duration-ms="156458" started-at="2016-05-11T13:56:04Z" finished-at="2016-05-11T13:58:41Z">
    <groups>
    </groups>
    <test name="Default test" duration-ms="156458" started-at="2016-05-11T13:56:04Z" finished-at="2016-05-11T13:58:41Z">
      <class name="com.makaan.Test.LoginTest">
        <test-method status="PASS" signature="InitiateDriver()[pri:0, instance:com.makaan.Test.LoginTest@231a7808]" name="InitiateDriver" is-config="true" duration-ms="25585" started-at="2016-05-11T19:26:04Z" finished-at="2016-05-11T19:26:30Z">
          <reporter-output>
          </reporter-output>
        </test-method> <!-- InitiateDriver -->
        <test-method status="PASS" signature="ValidateLoginButton()[pri:0, instance:com.makaan.Test.LoginTest@231a7808]" name="ValidateLoginButton" duration-ms="64" started-at="2016-05-11T19:26:30Z" finished-at="2016-05-11T19:26:30Z">
          <reporter-output>
          </reporter-output>
        </test-method> <!-- ValidateLoginButton -->
        <test-method status="PASS" signature="ValidateSocialLogin()[pri:0, instance:com.makaan.Test.LoginTest@231a7808]" name="ValidateSocialLogin" duration-ms="30109" started-at="2016-05-11T19:26:30Z" finished-at="2016-05-11T19:27:00Z">
          <reporter-output>
          </reporter-output>
        </test-method> <!-- ValidateSocialLogin -->
        <test-method status="FAIL" signature="ValidateForgotPassword()[pri:0, instance:com.makaan.Test.LoginTest@231a7808]" name="ValidateForgotPassword" duration-ms="46441" started-at="2016-05-11T19:27:00Z" finished-at="2016-05-11T19:27:47Z">
          <exception class="java.lang.AssertionError">
            <message>
              <![CDATA[not able to Verify Forgot password  form expected [true] but found [false]]]>
            </message>
            <full-stacktrace>
              <![CDATA[java.lang.AssertionError: not able to Verify Forgot password  form expected [true] but found [false]
	at org.testng.Assert.fail(Assert.java:94)
	at org.testng.Assert.failNotEquals(Assert.java:496)
	at org.testng.Assert.assertTrue(Assert.java:42)
	at com.makaan.Test.LoginTest.ValidateForgotPassword(LoginTest.java:57)
	at sun.reflect.NativeMethodAccessorImpl.invoke0(Native Method)
	at sun.reflect.NativeMethodAccessorImpl.invoke(NativeMethodAccessorImpl.java:57)
	at sun.reflect.DelegatingMethodAccessorImpl.invoke(DelegatingMethodAccessorImpl.java:43)
	at java.lang.reflect.Method.invoke(Method.java:606)
	at org.testng.internal.MethodInvocationHelper.invokeMethod(MethodInvocationHelper.java:85)
	at org.testng.internal.Invoker.invokeMethod(Invoker.java:639)
	at org.testng.internal.Invoker.invokeTestMethod(Invoker.java:821)
	at org.testng.internal.Invoker.invokeTestMethods(Invoker.java:1131)
	at org.testng.internal.TestMethodWorker.invokeTestMethods(TestMethodWorker.java:124)
	at org.testng.internal.TestMethodWorker.run(TestMethodWorker.java:108)
	at org.testng.TestRunner.privateRun(TestRunner.java:773)
	at org.testng.TestRunner.run(TestRunner.java:623)
	at org.testng.SuiteRunner.runTest(SuiteRunner.java:357)
	at org.testng.SuiteRunner.runSequentially(SuiteRunner.java:352)
	at org.testng.SuiteRunner.privateRun(SuiteRunner.java:310)
	at org.testng.SuiteRunner.run(SuiteRunner.java:259)
	at org.testng.SuiteRunnerWorker.runSuite(SuiteRunnerWorker.java:52)
	at org.testng.SuiteRunnerWorker.run(SuiteRunnerWorker.java:86)
	at org.testng.TestNG.runSuitesSequentially(TestNG.java:1185)
	at org.testng.TestNG.runSuitesLocally(TestNG.java:1110)
	at org.testng.TestNG.run(TestNG.java:1018)
	at org.testng.remote.AbstractRemoteTestNG.run(AbstractRemoteTestNG.java:126)
	at org.testng.remote.RemoteTestNG.initAndRun(RemoteTestNG.java:137)
	at org.testng.remote.RemoteTestNG.main(RemoteTestNG.java:58)
]]>
            </full-stacktrace>
          </exception> <!-- java.lang.AssertionError -->
          <reporter-output>
          </reporter-output>
        </test-method> <!-- ValidateForgotPassword -->
        <test-method status="PASS" signature="ValidateResetPassword()[pri:0, instance:com.makaan.Test.LoginTest@231a7808]" name="ValidateResetPassword" duration-ms="22298" started-at="2016-05-11T19:27:47Z" finished-at="2016-05-11T19:28:09Z">
          <reporter-output>
          </reporter-output>
        </test-method> <!-- ValidateResetPassword -->
        <test-method status="PASS" signature="ValidateMakaanLogin()[pri:0, instance:com.makaan.Test.LoginTest@231a7808]" name="ValidateMakaanLogin" duration-ms="9374" started-at="2016-05-11T19:28:09Z" finished-at="2016-05-11T19:28:18Z">
          <reporter-output>
          </reporter-output>
        </test-method> <!-- ValidateMakaanLogin -->
        <test-method status="PASS" signature="Logout()[pri:0, instance:com.makaan.Test.LoginTest@231a7808]" name="Logout" duration-ms="4343" started-at="2016-05-11T19:28:18Z" finished-at="2016-05-11T19:28:23Z">
          <reporter-output>
          </reporter-output>
        </test-method> <!-- Logout -->
        <test-method status="PASS" signature="Signup()[pri:0, instance:com.makaan.Test.LoginTest@231a7808]" name="Signup" duration-ms="18105" started-at="2016-05-11T19:28:23Z" finished-at="2016-05-11T19:28:41Z">
          <reporter-output>
          </reporter-output>
        </test-method> <!-- Signup -->
        <test-method status="PASS" signature="Close()[pri:0, instance:com.makaan.Test.LoginTest@231a7808]" name="Close" is-config="true" duration-ms="99" started-at="2016-05-11T19:28:41Z" finished-at="2016-05-11T19:28:41Z">
          <reporter-output>
          </reporter-output>
        </test-method> <!-- Close -->
      </class> <!-- com.makaan.Test.LoginTest -->
    </test> <!-- Default test -->
  </suite> <!-- Default suite -->
</testng-results>
